  main.cpp
c:\users\chris\desktop\work\3_fall 2017\cs3113\khau-cs3113\final project\nyucodebase\main.cpp(63): warning C4018: '<': signed/unsigned mismatch
c:\users\chris\desktop\work\3_fall 2017\cs3113\khau-cs3113\final project\nyucodebase\main.cpp(211): warning C4018: '<': signed/unsigned mismatch
c:\users\chris\desktop\work\3_fall 2017\cs3113\khau-cs3113\final project\nyucodebase\main.cpp(216): warning C4018: '<': signed/unsigned mismatch
c:\users\chris\desktop\work\3_fall 2017\cs3113\khau-cs3113\final project\nyucodebase\main.cpp(228): warning C4018: '<': signed/unsigned mismatch
c:\users\chris\desktop\work\3_fall 2017\cs3113\khau-cs3113\final project\nyucodebase\main.cpp(250): warning C4018: '<': signed/unsigned mismatch
c:\users\chris\desktop\work\3_fall 2017\cs3113\khau-cs3113\final project\nyucodebase\main.cpp(276): warning C4018: '>': signed/unsigned mismatch
c:\users\chris\desktop\work\3_fall 2017\cs3113\khau-cs3113\final project\nyucodebase\main.cpp(284): warning C4018: '>': signed/unsigned mismatch
c:\users\chris\desktop\work\3_fall 2017\cs3113\khau-cs3113\final project\nyucodebase\main.cpp(298): warning C4244: 'initializing': conversion from 'float' to 'int', possible loss of data
c:\users\chris\desktop\work\3_fall 2017\cs3113\khau-cs3113\final project\nyucodebase\main.cpp(301): warning C4018: '<': signed/unsigned mismatch
c:\users\chris\desktop\work\3_fall 2017\cs3113\khau-cs3113\final project\nyucodebase\main.cpp(302): warning C4305: '-=': truncation from 'double' to 'float'
c:\users\chris\desktop\work\3_fall 2017\cs3113\khau-cs3113\final project\nyucodebase\main.cpp(305): warning C4018: '<': signed/unsigned mismatch
c:\users\chris\desktop\work\3_fall 2017\cs3113\khau-cs3113\final project\nyucodebase\main.cpp(306): warning C4244: '=': conversion from 'int' to 'float', possible loss of data
c:\users\chris\desktop\work\3_fall 2017\cs3113\khau-cs3113\final project\nyucodebase\main.cpp(311): warning C4018: '<': signed/unsigned mismatch
c:\users\chris\desktop\work\3_fall 2017\cs3113\khau-cs3113\final project\nyucodebase\main.cpp(312): warning C4305: '-=': truncation from 'double' to 'float'
c:\users\chris\desktop\work\3_fall 2017\cs3113\khau-cs3113\final project\nyucodebase\main.cpp(315): warning C4018: '<': signed/unsigned mismatch
c:\users\chris\desktop\work\3_fall 2017\cs3113\khau-cs3113\final project\nyucodebase\main.cpp(316): warning C4244: '=': conversion from 'int' to 'float', possible loss of data
c:\users\chris\desktop\work\3_fall 2017\cs3113\khau-cs3113\final project\nyucodebase\main.cpp(334): warning C4244: 'argument': conversion from 'double' to 'float', possible loss of data
c:\users\chris\desktop\work\3_fall 2017\cs3113\khau-cs3113\final project\nyucodebase\main.cpp(344): warning C4244: 'argument': conversion from 'double' to 'float', possible loss of data
c:\users\chris\desktop\work\3_fall 2017\cs3113\khau-cs3113\final project\nyucodebase\main.cpp(349): warning C4244: 'argument': conversion from 'double' to 'float', possible loss of data
c:\users\chris\desktop\work\3_fall 2017\cs3113\khau-cs3113\final project\nyucodebase\main.cpp(362): warning C4244: 'argument': conversion from 'double' to 'float', possible loss of data
c:\users\chris\desktop\work\3_fall 2017\cs3113\khau-cs3113\final project\nyucodebase\main.cpp(378): warning C4244: '-=': conversion from 'double' to 'float', possible loss of data
c:\users\chris\desktop\work\3_fall 2017\cs3113\khau-cs3113\final project\nyucodebase\main.cpp(381): warning C4244: '+=': conversion from 'double' to 'float', possible loss of data
c:\users\chris\desktop\work\3_fall 2017\cs3113\khau-cs3113\final project\nyucodebase\main.cpp(391): warning C4244: '-=': conversion from 'double' to 'float', possible loss of data
c:\users\chris\desktop\work\3_fall 2017\cs3113\khau-cs3113\final project\nyucodebase\main.cpp(394): warning C4244: '+=': conversion from 'double' to 'float', possible loss of data
c:\users\chris\desktop\work\3_fall 2017\cs3113\khau-cs3113\final project\nyucodebase\main.cpp(426): warning C4305: 'argument': truncation from 'double' to 'float'
c:\users\chris\desktop\work\3_fall 2017\cs3113\khau-cs3113\final project\nyucodebase\main.cpp(430): warning C4305: 'argument': truncation from 'double' to 'float'
c:\users\chris\desktop\work\3_fall 2017\cs3113\khau-cs3113\final project\nyucodebase\main.cpp(432): warning C4305: 'argument': truncation from 'double' to 'float'
c:\users\chris\desktop\work\3_fall 2017\cs3113\khau-cs3113\final project\nyucodebase\main.cpp(436): warning C4305: 'argument': truncation from 'double' to 'float'
c:\users\chris\desktop\work\3_fall 2017\cs3113\khau-cs3113\final project\nyucodebase\main.cpp(440): warning C4305: 'argument': truncation from 'double' to 'float'
c:\users\chris\desktop\work\3_fall 2017\cs3113\khau-cs3113\final project\nyucodebase\main.cpp(444): warning C4305: 'argument': truncation from 'double' to 'float'
c:\users\chris\desktop\work\3_fall 2017\cs3113\khau-cs3113\final project\nyucodebase\main.cpp(448): warning C4305: 'argument': truncation from 'double' to 'float'
c:\users\chris\desktop\work\3_fall 2017\cs3113\khau-cs3113\final project\nyucodebase\main.cpp(452): warning C4305: 'argument': truncation from 'double' to 'float'
c:\users\chris\desktop\work\3_fall 2017\cs3113\khau-cs3113\final project\nyucodebase\main.cpp(456): warning C4305: 'argument': truncation from 'double' to 'float'
c:\users\chris\desktop\work\3_fall 2017\cs3113\khau-cs3113\final project\nyucodebase\main.cpp(460): warning C4305: 'argument': truncation from 'double' to 'float'
c:\users\chris\desktop\work\3_fall 2017\cs3113\khau-cs3113\final project\nyucodebase\main.cpp(464): warning C4305: 'argument': truncation from 'double' to 'float'
c:\users\chris\desktop\work\3_fall 2017\cs3113\khau-cs3113\final project\nyucodebase\main.cpp(468): warning C4305: 'argument': truncation from 'double' to 'float'
c:\users\chris\desktop\work\3_fall 2017\cs3113\khau-cs3113\final project\nyucodebase\main.cpp(474): warning C4305: 'argument': truncation from 'double' to 'float'
c:\users\chris\desktop\work\3_fall 2017\cs3113\khau-cs3113\final project\nyucodebase\main.cpp(476): warning C4305: 'argument': truncation from 'double' to 'float'
c:\users\chris\desktop\work\3_fall 2017\cs3113\khau-cs3113\final project\nyucodebase\main.cpp(478): warning C4305: 'argument': truncation from 'double' to 'float'
c:\users\chris\desktop\work\3_fall 2017\cs3113\khau-cs3113\final project\nyucodebase\main.cpp(480): warning C4305: 'argument': truncation from 'double' to 'float'
c:\users\chris\desktop\work\3_fall 2017\cs3113\khau-cs3113\final project\nyucodebase\main.cpp(485): warning C4305: 'argument': truncation from 'double' to 'float'
c:\users\chris\desktop\work\3_fall 2017\cs3113\khau-cs3113\final project\nyucodebase\main.cpp(487): warning C4305: 'argument': truncation from 'double' to 'float'
c:\users\chris\desktop\work\3_fall 2017\cs3113\khau-cs3113\final project\nyucodebase\main.cpp(489): warning C4305: 'argument': truncation from 'double' to 'float'
c:\users\chris\desktop\work\3_fall 2017\cs3113\khau-cs3113\final project\nyucodebase\main.cpp(491): warning C4305: 'argument': truncation from 'double' to 'float'
c:\users\chris\desktop\work\3_fall 2017\cs3113\khau-cs3113\final project\nyucodebase\main.cpp(552): warning C4305: 'argument': truncation from 'double' to 'float'
c:\users\chris\desktop\work\3_fall 2017\cs3113\khau-cs3113\final project\nyucodebase\main.cpp(554): warning C4305: 'argument': truncation from 'double' to 'float'
c:\users\chris\desktop\work\3_fall 2017\cs3113\khau-cs3113\final project\nyucodebase\main.cpp(569): warning C4305: 'argument': truncation from 'double' to 'float'
  NYUCodebase.vcxproj -> C:\Users\chris\Desktop\work\3_FALL 2017\CS3113\Khau-CS3113\Final project\Debug\NYUCodebase.exe
  NYUCodebase.vcxproj -> C:\Users\chris\Desktop\work\3_FALL 2017\CS3113\Khau-CS3113\Final project\Debug\NYUCodebase.pdb (Partial PDB)
